<?xml version="1.0" encoding="UTF-8"?>
<!-- Generated by org.testng.reporters.JUnitReportReporter -->
<testsuite hostname="DESKTOP-C3K6RLG" failures="0" tests="3" name="testng.TestNGpart1" time="0.019" errors="0" timestamp="28 May 2019 23:06:55 GMT" skipped="0">
  <testcase classname="testng.TestNGpart1" name="test3" time="0.014"/>
  <testcase classname="testng.TestNGpart1" name="test1" time="0.002"/>
  <testcase classname="testng.TestNGpart1" name="test2" time="0.003"/>
</testsuite> <!-- testng.TestNGpart1 -->
